<?xml version="1.0" encoding="UTF-8"?>
<!-- Generated by org.testng.reporters.JUnitReportReporter -->
<testsuite skipped="0" hostname="Neils-MacBook-Pro.local" name="com.hrms.testcases.LoginTest" tests="3" failures="0" timestamp="2020-09-20T18:58:24 PDT" time="9.054" errors="0">
  <testcase name="inValidLogin" time="2.585" classname="com.hrms.testcases.LoginTest"/>
  <system-out/>
  <testcase name="inValidLogin" time="3.002" classname="com.hrms.testcases.LoginTest"/>
  <system-out/>
  <testcase name="inValidLogin" time="3.467" classname="com.hrms.testcases.LoginTest"/>
  <system-out/>
</testsuite> <!-- com.hrms.testcases.LoginTest -->
